# JRE version: Java(TM) SE Runtime Environment (8.0_161-b12) (build 1.8.0_161-b12)
# Java VM: Java HotSpot(TM) 64-Bit Server VM (25.161-b12 mixed mode linux-amd64 compressed oops)
Heap:
 PSYoungGen      total 32768K, used 30111K [0x00000000dbe00000, 0x00000000de280000, 0x0000000100000000)
  eden space 28160K, 93% used [0x00000000dbe00000,0x00000000dd7cffa8,0x00000000dd980000)
  from space 4608K, 79% used [0x00000000dd980000,0x00000000ddd18000,0x00000000dde00000)
  to   space 4608K, 0% used [0x00000000dde00000,0x00000000dde00000,0x00000000de280000)
 ParOldGen       total 49664K, used 11961K [0x0000000093a00000, 0x0000000096a80000, 0x00000000dbe00000)
  object space 49664K, 24% used [0x0000000093a00000,0x00000000945ae4b8,0x0000000096a80000)
 Metaspace       used 24790K, capacity 26438K, committed 26752K, reserved 1073152K
  class space    used 3332K, capacity 3628K, committed 3712K, reserved 1048576K
GC Heap History (8 events):
Event: 3,516 GC heap before
{Heap before GC invocations=1 (full 0):
 PSYoungGen      total 32768K, used 28160K [0x00000000dbe00000, 0x00000000de280000, 0x0000000100000000)
  eden space 28160K, 100% used [0x00000000dbe00000,0x00000000dd980000,0x00000000dd980000)
  from space 4608K, 0% used [0x00000000dde00000,0x00000000dde00000,0x00000000de280000)
  to   space 4608K, 0% used [0x00000000dd980000,0x00000000dd980000,0x00000000dde00000)
 ParOldGen       total 75264K, used 0K [0x0000000093a00000, 0x0000000098380000, 0x00000000dbe00000)
  object space 75264K, 0% used [0x0000000093a00000,0x0000000093a00000,0x0000000098380000)
 Metaspace       used 14158K, capacity 14726K, committed 14848K, reserved 1062912K
  class space    used 2066K, capacity 2210K, committed 2304K, reserved 1048576K
Event: 3,532 GC heap after
Heap after GC invocations=1 (full 0):
 PSYoungGen      total 32768K, used 4386K [0x00000000dbe00000, 0x00000000de280000, 0x0000000100000000)
  eden space 28160K, 0% used [0x00000000dbe00000,0x00000000dbe00000,0x00000000dd980000)
  from space 4608K, 95% used [0x00000000dd980000,0x00000000dddc8ab0,0x00000000dde00000)
  to   space 4608K, 0% used [0x00000000dde00000,0x00000000dde00000,0x00000000de280000)
 ParOldGen       total 75264K, used 72K [0x0000000093a00000, 0x0000000098380000, 0x00000000dbe00000)
  object space 75264K, 0% used [0x0000000093a00000,0x0000000093a12010,0x0000000098380000)
 Metaspace       used 14158K, capacity 14726K, committed 14848K, reserved 1062912K
  class space    used 2066K, capacity 2210K, committed 2304K, reserved 1048576K
}
Event: 12,683 GC heap before
{Heap before GC invocations=2 (full 0):
 PSYoungGen      total 32768K, used 31470K [0x00000000dbe00000, 0x00000000de280000, 0x0000000100000000)
  eden space 28160K, 96% used [0x00000000dbe00000,0x00000000dd872e78,0x00000000dd980000)
  from space 4608K, 95% used [0x00000000dd980000,0x00000000dddc8ab0,0x00000000dde00000)
  to   space 4608K, 0% used [0x00000000dde00000,0x00000000dde00000,0x00000000de280000)
 ParOldGen       total 75264K, used 72K [0x0000000093a00000, 0x0000000098380000, 0x00000000dbe00000)
  object space 75264K, 0% used [0x0000000093a00000,0x0000000093a12010,0x0000000098380000)
 Metaspace       used 20392K, capacity 21196K, committed 21248K, reserved 1067008K
  class space    used 2839K, capacity 3035K, committed 3072K, reserved 1048576K
Event: 12,705 GC heap after
Heap after GC invocations=2 (full 0):
 PSYoungGen      total 32768K, used 4577K [0x00000000dbe00000, 0x00000000de280000, 0x0000000100000000)
  eden space 28160K, 0% used [0x00000000dbe00000,0x00000000dbe00000,0x00000000dd980000)
  from space 4608K, 99% used [0x00000000dde00000,0x00000000de2786f8,0x00000000de280000)
  to   space 4608K, 0% used [0x00000000dd980000,0x00000000dd980000,0x00000000dde00000)
 ParOldGen       total 75264K, used 7525K [0x0000000093a00000, 0x0000000098380000, 0x00000000dbe00000)
  object space 75264K, 9% used [0x0000000093a00000,0x0000000094159520,0x0000000098380000)
 Metaspace       used 20392K, capacity 21196K, committed 21248K, reserved 1067008K
  class space    used 2839K, capacity 3035K, committed 3072K, reserved 1048576K
}
Event: 12,706 GC heap before
{Heap before GC invocations=3 (full 1):
 PSYoungGen      total 32768K, used 4577K [0x00000000dbe00000, 0x00000000de280000, 0x0000000100000000)
  eden space 28160K, 0% used [0x00000000dbe00000,0x00000000dbe00000,0x00000000dd980000)
  from space 4608K, 99% used [0x00000000dde00000,0x00000000de2786f8,0x00000000de280000)
  to   space 4608K, 0% used [0x00000000dd980000,0x00000000dd980000,0x00000000dde00000)
 ParOldGen       total 75264K, used 7525K [0x0000000093a00000, 0x0000000098380000, 0x00000000dbe00000)
  object space 75264K, 9% used [0x0000000093a00000,0x0000000094159520,0x0000000098380000)
 Metaspace       used 20392K, capacity 21196K, committed 21248K, reserved 1067008K
  class space    used 2839K, capacity 3035K, committed 3072K, reserved 1048576K
Event: 12,792 GC heap after
Heap after GC invocations=3 (full 1):
 PSYoungGen      total 32768K, used 0K [0x00000000dbe00000, 0x00000000de280000, 0x0000000100000000)
  eden space 28160K, 0% used [0x00000000dbe00000,0x00000000dbe00000,0x00000000dd980000)
  from space 4608K, 0% used [0x00000000dde00000,0x00000000dde00000,0x00000000de280000)
  to   space 4608K, 0% used [0x00000000dd980000,0x00000000dd980000,0x00000000dde00000)
 ParOldGen       total 49664K, used 11953K [0x0000000093a00000, 0x0000000096a80000, 0x00000000dbe00000)
  object space 49664K, 24% used [0x0000000093a00000,0x00000000945ac4b8,0x0000000096a80000)
 Metaspace       used 20392K, capacity 21196K, committed 21248K, reserved 1067008K
  class space    used 2839K, capacity 3035K, committed 3072K, reserved 1048576K
}
Event: 349,972 GC heap before
{Heap before GC invocations=4 (full 1):
 PSYoungGen      total 32768K, used 28160K [0x00000000dbe00000, 0x00000000de280000, 0x0000000100000000)
  eden space 28160K, 100% used [0x00000000dbe00000,0x00000000dd980000,0x00000000dd980000)
  from space 4608K, 0% used [0x00000000dde00000,0x00000000dde00000,0x00000000de280000)
  to   space 4608K, 0% used [0x00000000dd980000,0x00000000dd980000,0x00000000dde00000)
 ParOldGen       total 49664K, used 11953K [0x0000000093a00000, 0x0000000096a80000, 0x00000000dbe00000)
  object space 49664K, 24% used [0x0000000093a00000,0x00000000945ac4b8,0x0000000096a80000)
 Metaspace       used 23512K, capacity 24826K, committed 24960K, reserved 1071104K
  class space    used 3177K, capacity 3436K, committed 3456K, reserved 1048576K
Event: 349,985 GC heap after
Heap after GC invocations=4 (full 1):
 PSYoungGen      total 32768K, used 3680K [0x00000000dbe00000, 0x00000000de280000, 0x0000000100000000)
  eden space 28160K, 0% used [0x00000000dbe00000,0x00000000dbe00000,0x00000000dd980000)
  from space 4608K, 79% used [0x00000000dd980000,0x00000000ddd18000,0x00000000dde00000)
  to   space 4608K, 0% used [0x00000000dde00000,0x00000000dde00000,0x00000000de280000)
 ParOldGen       total 49664K, used 11961K [0x0000000093a00000, 0x0000000096a80000, 0x00000000dbe00000)
  object space 49664K, 24% used [0x0000000093a00000,0x00000000945ae4b8,0x0000000096a80000)
 Metaspace       used 23512K, capacity 24826K, committed 24960K, reserved 1071104K
  class space    used 3177K, capacity 3436K, committed 3456K, reserved 1048576K
}

